{
  "RSpec": {
    "coverage": {
      "/mnt/c/myAppFile/support-ticketing-backend/app/graphql/mutations/assign_ticket.rb": {
        "lines": [
          null,
          null,
          1,
          1,
          1,
          null,
          1,
          1,
          null,
          1,
          null,
          3,
          null,
          null,
          3,
          null,
          0,
          null,
          null,
          null,
          null,
          null,
          3,
          null,
          1,
          null,
          null,
          null,
          2,
          null,
          2,
          null,
          0,
          null,
          null,
          null,
          null,
          null,
          2,
          null,
          2,
          null,
          null,
          null,
          null,
          null,
          null,
          2,
          2,
          null,
          null,
          null,
          2,
          null,
          null,
          null,
          null,
          0,
          null,
          null,
          null,
          null,
          null,
          null
        ]
      },
      "/mnt/c/myAppFile/support-ticketing-backend/app/graphql/mutations/base_mutation.rb": {
        "lines": [
          null,
          null,
          1,
          1,
          1,
          null,
          1,
          1,
          1,
          1,
          null,
          null
        ]
      },
      "/mnt/c/myAppFile/support-ticketing-backend/app/graphql/concerns/authentication.rb": {
        "lines": [
          1,
          1,
          3,
          0,
          null,
          null,
          null,
          1,
          0,
          null,
          0,
          0,
          null,
          null,
          null,
          1,
          0,
          null,
          0,
          0,
          null,
          null,
          null,
          null,
          1,
          0,
          null,
          0,
          null,
          0,
          0,
          null,
          null,
          null
        ]
      },
      "/mnt/c/myAppFile/support-ticketing-backend/app/graphql/types/base_argument.rb": {
        "lines": [
          null,
          null,
          1,
          1,
          null,
          null
        ]
      },
      "/mnt/c/myAppFile/support-ticketing-backend/app/graphql/types/base_field.rb": {
        "lines": [
          null,
          null,
          1,
          1,
          1,
          null,
          null
        ]
      },
      "/mnt/c/myAppFile/support-ticketing-backend/app/graphql/types/base_input_object.rb": {
        "lines": [
          null,
          null,
          1,
          1,
          1,
          null,
          null
        ]
      },
      "/mnt/c/myAppFile/support-ticketing-backend/app/graphql/types/base_object.rb": {
        "lines": [
          null,
          null,
          1,
          1,
          1,
          1,
          1,
          null,
          null
        ]
      },
      "/mnt/c/myAppFile/support-ticketing-backend/app/graphql/types/base_edge.rb": {
        "lines": [
          null,
          null,
          1,
          1,
          null,
          1,
          null,
          null
        ]
      },
      "/mnt/c/myAppFile/support-ticketing-backend/app/graphql/types/base_connection.rb": {
        "lines": [
          null,
          null,
          1,
          1,
          null,
          1,
          null,
          null
        ]
      },
      "/mnt/c/myAppFile/support-ticketing-backend/app/graphql/types/ticket_type.rb": {
        "lines": [
          null,
          null,
          1,
          1,
          1,
          1,
          1,
          1,
          1,
          1,
          1,
          null,
          null,
          1,
          1,
          1,
          1,
          1,
          null,
          null,
          1,
          1,
          null,
          null,
          1,
          3,
          null,
          null,
          1,
          5,
          null,
          null,
          1,
          0,
          null,
          null,
          1,
          0,
          null,
          null,
          null,
          1,
          9,
          null,
          null,
          null
        ]
      },
      "/mnt/c/myAppFile/support-ticketing-backend/app/graphql/types/user_type.rb": {
        "lines": [
          null,
          null,
          1,
          1,
          1,
          1,
          1,
          1,
          1,
          1,
          null,
          null,
          1,
          1,
          1,
          1,
          null,
          null,
          1,
          0,
          null,
          null,
          1,
          0,
          null,
          null,
          1,
          0,
          null,
          null,
          1,
          0,
          null,
          null,
          null,
          1,
          8,
          null,
          null,
          null
        ]
      },
      "/mnt/c/myAppFile/support-ticketing-backend/app/graphql/types/comment_type.rb": {
        "lines": [
          null,
          null,
          1,
          1,
          1,
          1,
          1,
          1,
          null,
          null,
          1,
          1,
          null,
          null,
          1,
          6,
          null,
          null,
          1,
          0,
          null,
          null,
          null
        ]
      },
      "/mnt/c/myAppFile/support-ticketing-backend/app/graphql/types/ticket_assignment_type.rb": {
        "lines": [
          null,
          null,
          1,
          1,
          1,
          1,
          1,
          1,
          1,
          1,
          null,
          null,
          1,
          0,
          null,
          null,
          1,
          0,
          null,
          null,
          null
        ]
      },
      "/mnt/c/myAppFile/support-ticketing-backend/app/graphql/types/attachment_type.rb": {
        "lines": [
          null,
          null,
          1,
          1,
          1,
          1,
          1,
          1,
          null,
          1,
          1,
          null,
          null,
          null
        ]
      },
      "/mnt/c/myAppFile/support-ticketing-backend/app/graphql/mutations/create_comment.rb": {
        "lines": [
          null,
          null,
          1,
          null,
          1,
          1,
          1,
          null,
          1,
          1,
          null,
          1,
          5,
          null,
          5,
          5,
          null,
          5,
          5,
          null,
          5,
          null,
          5,
          5,
          null,
          5,
          5,
          null,
          4,
          null,
          null,
          1,
          null,
          1,
          5,
          null,
          null,
          0,
          null,
          null,
          null,
          null,
          1,
          5,
          null,
          null,
          0,
          null,
          null,
          null,
          null,
          1,
          5,
          null,
          null,
          0,
          null,
          null,
          null,
          null,
          1,
          5,
          null,
          null,
          1,
          null,
          null,
          null,
          null,
          1,
          4,
          null,
          null,
          null,
          null,
          null,
          4,
          null,
          4,
          null,
          null,
          null,
          null,
          0,
          null,
          null,
          null,
          null,
          null,
          null
        ]
      },
      "/mnt/c/myAppFile/support-ticketing-backend/app/graphql/mutations/create_ticket.rb": {
        "lines": [
          null,
          null,
          1,
          1,
          1,
          1,
          null,
          1,
          1,
          null,
          1,
          null,
          2,
          null,
          null,
          2,
          null,
          0,
          null,
          null,
          null,
          null,
          null,
          2,
          null,
          0,
          null,
          null,
          null,
          null,
          null,
          2,
          null,
          null,
          null,
          null,
          null,
          null,
          2,
          null,
          2,
          null,
          null,
          null,
          null,
          0,
          null,
          null,
          null,
          null,
          null,
          null
        ]
      },
      "/mnt/c/myAppFile/support-ticketing-backend/app/graphql/mutations/generate_tickets_csv.rb": {
        "lines": [
          null,
          null,
          1,
          1,
          1,
          1,
          1,
          null,
          1,
          1,
          null,
          1,
          null,
          1,
          null,
          2,
          null,
          null,
          2,
          null,
          0,
          null,
          null,
          null,
          null,
          null,
          2,
          null,
          1,
          null,
          null,
          null,
          1,
          null,
          null,
          null,
          null,
          null,
          1,
          1,
          null,
          1,
          3,
          null,
          null,
          null,
          null,
          null,
          null,
          null,
          null,
          null,
          null,
          null,
          null,
          null,
          1,
          null,
          1,
          null,
          null,
          null,
          null,
          null,
          0,
          0,
          null,
          null,
          0,
          null,
          null,
          null,
          0,
          null,
          null,
          null,
          null,
          null
        ]
      },
      "/mnt/c/myAppFile/support-ticketing-backend/app/graphql/mutations/login.rb": {
        "lines": [
          null,
          null,
          1,
          1,
          1,
          1,
          null,
          1,
          1,
          1,
          null,
          1,
          2,
          null,
          null,
          2,
          null,
          1,
          null,
          null,
          1,
          null,
          null,
          null,
          null,
          null,
          1,
          null,
          null,
          null,
          null,
          null,
          null,
          1,
          null,
          1,
          null,
          1,
          null,
          null,
          null,
          1,
          null,
          null,
          null
        ]
      },
      "/mnt/c/myAppFile/support-ticketing-backend/app/graphql/mutations/register.rb": {
        "lines": [
          1,
          1,
          1,
          1,
          1,
          1,
          null,
          1,
          1,
          1,
          null,
          1,
          null,
          2,
          null,
          2,
          null,
          0,
          null,
          null,
          null,
          null,
          null,
          2,
          null,
          null,
          null,
          null,
          null,
          null,
          2,
          null,
          1,
          null,
          null,
          1,
          null,
          null,
          null,
          null,
          null,
          1,
          null,
          null,
          null,
          null,
          null,
          null,
          1,
          null,
          1,
          null,
          1,
          null,
          null,
          null,
          1,
          null,
          null,
          null
        ]
      },
      "/mnt/c/myAppFile/support-ticketing-backend/app/graphql/mutations/upload_attachment.rb": {
        "lines": [
          1,
          1,
          1,
          1,
          1,
          1,
          null,
          1,
          1,
          1,
          null,
          1,
          null,
          3,
          null,
          null,
          3,
          null,
          3,
          null,
          0,
          null,
          null,
          null,
          null,
          null,
          null,
          3,
          3,
          null,
          1,
          null,
          null,
          null,
          null,
          null,
          null,
          2,
          null,
          null,
          2,
          2,
          2,
          2,
          null,
          null,
          null,
          2,
          null,
          null,
          null,
          null,
          null,
          null,
          null,
          2,
          null,
          null,
          null,
          0,
          null,
          0,
          null,
          null,
          null,
          null,
          null,
          2,
          2,
          null,
          null,
          null,
          null
        ]
      },
      "/mnt/c/myAppFile/support-ticketing-backend/app/mailers/ticket_mailer.rb": {
        "lines": [
          1,
          1,
          4,
          4,
          null,
          null,
          4,
          2,
          null,
          2,
          null,
          null,
          4,
          null,
          null
        ]
      },
      "/mnt/c/myAppFile/support-ticketing-backend/app/mailers/application_mailer.rb": {
        "lines": [
          1,
          1,
          1,
          null
        ]
      },
      "/mnt/c/myAppFile/support-ticketing-backend/app/models/comment.rb": {
        "lines": [
          1,
          1,
          1,
          1,
          null,
          1,
          null,
          1,
          1,
          4,
          2,
          null,
          null,
          null
        ]
      },
      "/mnt/c/myAppFile/support-ticketing-backend/app/models/application_record.rb": {
        "lines": [
          1,
          1,
          null
        ]
      },
      "/mnt/c/myAppFile/support-ticketing-backend/app/models/ticket_assignment.rb": {
        "lines": [
          1,
          1,
          1,
          null,
          1,
          null,
          1,
          null,
          1,
          6,
          3,
          null,
          null,
          null
        ]
      },
      "/mnt/c/myAppFile/support-ticketing-backend/app/models/ticket.rb": {
        "lines": [
          1,
          1,
          1,
          1,
          1,
          1,
          1,
          1,
          1,
          null
        ]
      },
      "/mnt/c/myAppFile/support-ticketing-backend/app/models/user.rb": {
        "lines": [
          1,
          1,
          null,
          1,
          1,
          1,
          1,
          null,
          1,
          null,
          1,
          1,
          1,
          null
        ]
      },
      "/mnt/c/myAppFile/support-ticketing-backend/app/controllers/graphql_controller.rb": {
        "lines": [
          null,
          null,
          1,
          null,
          null,
          null,
          null,
          null,
          1,
          25,
          25,
          25,
          null,
          null,
          null,
          25,
          null,
          null,
          null,
          null,
          25,
          2,
          2,
          null,
          null,
          23,
          null,
          null,
          null,
          null,
          null,
          null,
          23,
          null,
          0,
          0,
          null,
          null,
          1,
          null,
          null,
          1,
          null,
          25,
          25,
          null,
          null,
          19,
          19,
          null,
          null,
          null,
          null,
          null,
          null,
          null,
          null,
          19,
          null,
          19,
          19,
          0,
          0,
          null,
          null,
          null,
          null,
          1,
          25,
          null,
          0,
          0,
          null,
          0,
          null,
          null,
          0,
          null,
          22,
          null,
          3,
          null,
          0,
          null,
          null,
          null,
          null,
          1,
          null,
          25,
          25,
          25,
          null,
          null,
          21,
          null,
          null,
          1,
          0,
          0,
          null,
          0,
          null,
          null
        ]
      },
      "/mnt/c/myAppFile/support-ticketing-backend/app/controllers/application_controller.rb": {
        "lines": [
          1,
          null,
          1,
          0,
          0,
          null,
          null,
          null
        ]
      },
      "/mnt/c/myAppFile/support-ticketing-backend/app/graphql/support_ticketing_backend_schema.rb": {
        "lines": [
          null,
          null,
          1,
          1,
          1,
          null,
          null,
          1,
          null,
          null,
          1,
          null,
          null,
          null,
          null,
          0,
          null,
          null,
          null,
          1,
          null,
          null,
          0,
          null,
          null,
          null,
          1,
          null,
          null,
          1,
          null,
          null,
          null,
          null,
          1,
          null,
          0,
          null,
          null,
          null,
          1,
          null,
          0,
          null,
          null
        ]
      },
      "/mnt/c/myAppFile/support-ticketing-backend/app/graphql/types/mutation_type.rb": {
        "lines": [
          null,
          null,
          1,
          1,
          null,
          1,
          null,
          null,
          1,
          null,
          null,
          1,
          null,
          null,
          1,
          null,
          null,
          1,
          null,
          null,
          1,
          null,
          null,
          1,
          null,
          null,
          1,
          null,
          null,
          null
        ]
      },
      "/mnt/c/myAppFile/support-ticketing-backend/app/graphql/mutations/update_ticket_status.rb": {
        "lines": [
          1,
          1,
          1,
          1,
          null,
          1,
          1,
          null,
          1,
          null,
          1,
          null,
          null,
          1,
          null,
          0,
          null,
          null,
          null,
          null,
          null,
          1,
          null,
          0,
          null,
          null,
          null,
          null,
          null,
          1,
          null,
          1,
          null,
          0,
          null,
          null,
          null,
          null,
          null,
          1,
          null,
          1,
          null,
          null,
          null,
          null,
          0,
          null,
          null,
          null,
          null,
          null,
          null
        ]
      },
      "/mnt/c/myAppFile/support-ticketing-backend/app/graphql/types/query_type.rb": {
        "lines": [
          null,
          null,
          1,
          1,
          1,
          1,
          null,
          null,
          1,
          0,
          null,
          null,
          1,
          1,
          null,
          null,
          1,
          0,
          null,
          null,
          null,
          1,
          null,
          null,
          1,
          null,
          1,
          null,
          null,
          null,
          1,
          null,
          null,
          1,
          null,
          1,
          null,
          null,
          1,
          null,
          null,
          null,
          1,
          null,
          2,
          0,
          null,
          null,
          2,
          2,
          1,
          null,
          null,
          1,
          null,
          null,
          null,
          1,
          null,
          1,
          0,
          null,
          null,
          1,
          null,
          null,
          1,
          null,
          0,
          0,
          0,
          null,
          null,
          null,
          0,
          0,
          null,
          null,
          0,
          null,
          null,
          1,
          null,
          0,
          0,
          0,
          null,
          null,
          null,
          0,
          0,
          null,
          null,
          0,
          null,
          null,
          1,
          0,
          null,
          null,
          null,
          null,
          null,
          null,
          null
        ]
      },
      "/mnt/c/myAppFile/support-ticketing-backend/app/graphql/types/node_type.rb": {
        "lines": [
          null,
          null,
          1,
          1,
          1,
          null,
          1,
          null,
          null
        ]
      },
      "/mnt/c/myAppFile/support-ticketing-backend/app/graphql/types/base_interface.rb": {
        "lines": [
          null,
          null,
          1,
          1,
          1,
          1,
          1,
          null,
          1,
          null,
          null
        ]
      },
      "/mnt/c/myAppFile/support-ticketing-backend/lib/tasks/tickets.rake": {
        "lines": [
          1,
          1,
          1,
          1,
          null,
          null,
          1,
          null,
          2,
          null,
          null,
          2,
          2,
          2,
          null,
          0,
          null,
          null,
          null,
          1,
          null,
          null
        ]
      },
      "/mnt/c/myAppFile/support-ticketing-backend/app/channels/application_cable/channel.rb": {
        "lines": [
          0,
          0,
          0,
          0
        ],
        "branches": {
        }
      },
      "/mnt/c/myAppFile/support-ticketing-backend/app/channels/application_cable/connection.rb": {
        "lines": [
          0,
          0,
          0,
          0
        ],
        "branches": {
        }
      },
      "/mnt/c/myAppFile/support-ticketing-backend/app/controllers/downloads_controller.rb": {
        "lines": [
          0,
          0,
          0,
          null,
          0,
          0,
          0,
          0,
          0,
          0,
          null,
          null,
          0,
          0,
          0,
          0,
          0,
          0
        ],
        "branches": {
        }
      },
      "/mnt/c/myAppFile/support-ticketing-backend/app/graphql/resolvers/base_resolver.rb": {
        "lines": [
          null,
          null,
          0,
          0,
          0,
          0,
          0
        ],
        "branches": {
        }
      },
      "/mnt/c/myAppFile/support-ticketing-backend/app/graphql/types/base_enum.rb": {
        "lines": [
          null,
          null,
          0,
          0,
          0,
          0
        ],
        "branches": {
        }
      },
      "/mnt/c/myAppFile/support-ticketing-backend/app/graphql/types/base_scalar.rb": {
        "lines": [
          null,
          null,
          0,
          0,
          0,
          0
        ],
        "branches": {
        }
      },
      "/mnt/c/myAppFile/support-ticketing-backend/app/graphql/types/base_union.rb": {
        "lines": [
          null,
          null,
          0,
          0,
          0,
          0,
          0,
          0
        ],
        "branches": {
        }
      },
      "/mnt/c/myAppFile/support-ticketing-backend/app/jobs/application_job.rb": {
        "lines": [
          0,
          null,
          null,
          null,
          null,
          null,
          0
        ],
        "branches": {
        }
      }
    },
    "timestamp": 1747097380
  }
}
